<?xml version="1.0" encoding="UTF-8"?>
<!-- Generated by org.testng.reporters.JUnitXMLReporter -->
<testsuite ignored="0" hostname="LAPTOP-TT023QHN" failures="0" tests="60" name="Test" time="667.585" errors="0" timestamp="2024-08-11T17:52:17 IST">
  <testcase classname="ChromeDesktop.Desktop1" name="site1" time="21.591"/>
  <testcase classname="ChromeDesktop.Desktop1" name="site2" time="12.272"/>
  <testcase classname="ChromeDesktop.Desktop1" name="site3" time="10.959"/>
  <testcase classname="ChromeDesktop.Desktop1" name="site4" time="10.764"/>
  <testcase classname="ChromeDesktop.Desktop1" name="site5" time="9.503"/>
  <testcase classname="ChromeDesktop.Desktop2" name="site1" time="14.48"/>
  <testcase classname="ChromeDesktop.Desktop2" name="site2" time="10.524"/>
  <testcase classname="ChromeDesktop.Desktop2" name="site3" time="9.645"/>
  <testcase classname="ChromeDesktop.Desktop2" name="site4" time="9.988"/>
  <testcase classname="ChromeDesktop.Desktop2" name="site5" time="9.094"/>
  <testcase classname="ChromeDesktop.Desktop3" name="site1" time="14.124"/>
  <testcase classname="ChromeDesktop.Desktop3" name="site2" time="10.102"/>
  <testcase classname="ChromeDesktop.Desktop3" name="site3" time="10.831"/>
  <testcase classname="ChromeDesktop.Desktop3" name="site4" time="10.166"/>
  <testcase classname="ChromeDesktop.Desktop3" name="site5" time="9.489"/>
  <testcase classname="ChromeMobile.Mobile1" name="site1" time="8.862"/>
  <testcase classname="ChromeMobile.Mobile1" name="site2" time="6.645"/>
  <testcase classname="ChromeMobile.Mobile1" name="site3" time="7.071"/>
  <testcase classname="ChromeMobile.Mobile1" name="site4" time="7.428"/>
  <testcase classname="ChromeMobile.Mobile1" name="site5" time="7.859"/>
  <testcase classname="ChromeMobile.Mobile2" name="site1" time="10.641"/>
  <testcase classname="ChromeMobile.Mobile2" name="site2" time="6.54"/>
  <testcase classname="ChromeMobile.Mobile2" name="site3" time="10.411"/>
  <testcase classname="ChromeMobile.Mobile2" name="site4" time="7.67"/>
  <testcase classname="ChromeMobile.Mobile2" name="site5" time="7.182"/>
  <testcase classname="ChromeMobile.Mobile3" name="site1" time="8.424"/>
  <testcase classname="ChromeMobile.Mobile3" name="site2" time="6.671"/>
  <testcase classname="ChromeMobile.Mobile3" name="site3" time="7.705"/>
  <testcase classname="ChromeMobile.Mobile3" name="site4" time="7.747"/>
  <testcase classname="ChromeMobile.Mobile3" name="site5" time="7.235"/>
  <testcase classname="FireFoxDesktop.Desktop1" name="site1" time="22.845"/>
  <testcase classname="FireFoxDesktop.Desktop1" name="site2" time="14.731"/>
  <testcase classname="FireFoxDesktop.Desktop1" name="site3" time="13.857"/>
  <testcase classname="FireFoxDesktop.Desktop1" name="site4" time="12.532"/>
  <testcase classname="FireFoxDesktop.Desktop1" name="site5" time="13.073"/>
  <testcase classname="FireFoxDesktop.Desktop2" name="site1" time="19.427"/>
  <testcase classname="FireFoxDesktop.Desktop2" name="site2" time="13.062"/>
  <testcase classname="FireFoxDesktop.Desktop2" name="site3" time="12.494"/>
  <testcase classname="FireFoxDesktop.Desktop2" name="site4" time="11.499"/>
  <testcase classname="FireFoxDesktop.Desktop2" name="site5" time="12.22"/>
  <testcase classname="FireFoxDesktop.Desktop3" name="site1" time="19.409"/>
  <testcase classname="FireFoxDesktop.Desktop3" name="site2" time="13.837"/>
  <testcase classname="FireFoxDesktop.Desktop3" name="site3" time="13.202"/>
  <testcase classname="FireFoxDesktop.Desktop3" name="site4" time="12.265"/>
  <testcase classname="FireFoxDesktop.Desktop3" name="site5" time="12.378"/>
  <testcase classname="FireFoxMobile.Mobile1" name="site1" time="12.999"/>
  <testcase classname="FireFoxMobile.Mobile1" name="site2" time="9.485"/>
  <testcase classname="FireFoxMobile.Mobile1" name="site3" time="10.355"/>
  <testcase classname="FireFoxMobile.Mobile1" name="site4" time="9.433"/>
  <testcase classname="FireFoxMobile.Mobile1" name="site5" time="9.658"/>
  <testcase classname="FireFoxMobile.Mobile2" name="site1" time="14.233"/>
  <testcase classname="FireFoxMobile.Mobile2" name="site2" time="9.627"/>
  <testcase classname="FireFoxMobile.Mobile2" name="site3" time="10.106"/>
  <testcase classname="FireFoxMobile.Mobile2" name="site4" time="10.156"/>
  <testcase classname="FireFoxMobile.Mobile2" name="site5" time="10.063"/>
  <testcase classname="FireFoxMobile.Mobile3" name="site1" time="13.391"/>
  <testcase classname="FireFoxMobile.Mobile3" name="site2" time="9.664"/>
  <testcase classname="FireFoxMobile.Mobile3" name="site3" time="10.017"/>
  <testcase classname="FireFoxMobile.Mobile3" name="site4" time="9.482"/>
  <testcase classname="FireFoxMobile.Mobile3" name="site5" time="10.307"/>
</testsuite> <!-- Test -->
