<?xml version="1.0" encoding="UTF-8"?>
<testng-results ignored="0" total="60" passed="60" failed="0" skipped="0">
  <reporter-output>
  </reporter-output>
  <suite started-at="2024-08-11T17:41:10 IST" name="Suite" finished-at="2024-08-11T17:52:17 IST" duration-ms="667585">
    <groups>
    </groups>
    <test started-at="2024-08-11T17:41:10 IST" name="Test" finished-at="2024-08-11T17:52:17 IST" duration-ms="667585">
      <class name="FireFoxDesktop.Desktop1">
        <test-method signature="site1()[pri:0, instance:FireFoxDesktop.Desktop1@5bda8e08]" started-at="2024-08-11T17:46:01 IST" name="site1" finished-at="2024-08-11T17:46:24 IST" duration-ms="22845" status="PASS">
          <reporter-output>
          </reporter-output>
        </test-method> <!-- site1 -->
        <test-method signature="site2()[pri:0, instance:FireFoxDesktop.Desktop1@5bda8e08]" started-at="2024-08-11T17:46:24 IST" name="site2" finished-at="2024-08-11T17:46:39 IST" duration-ms="14731" status="PASS">
          <reporter-output>
          </reporter-output>
        </test-method> <!-- site2 -->
        <test-method signature="site3()[pri:0, instance:FireFoxDesktop.Desktop1@5bda8e08]" started-at="2024-08-11T17:46:39 IST" name="site3" finished-at="2024-08-11T17:46:53 IST" duration-ms="13857" status="PASS">
          <reporter-output>
          </reporter-output>
        </test-method> <!-- site3 -->
        <test-method signature="site4()[pri:0, instance:FireFoxDesktop.Desktop1@5bda8e08]" started-at="2024-08-11T17:46:53 IST" name="site4" finished-at="2024-08-11T17:47:05 IST" duration-ms="12532" status="PASS">
          <reporter-output>
          </reporter-output>
        </test-method> <!-- site4 -->
        <test-method signature="site5()[pri:0, instance:FireFoxDesktop.Desktop1@5bda8e08]" started-at="2024-08-11T17:47:05 IST" name="site5" finished-at="2024-08-11T17:47:18 IST" duration-ms="13073" status="PASS">
          <reporter-output>
          </reporter-output>
        </test-method> <!-- site5 -->
      </class> <!-- FireFoxDesktop.Desktop1 -->
      <class name="FireFoxDesktop.Desktop2">
        <test-method signature="site1()[pri:0, instance:FireFoxDesktop.Desktop2@1e800aaa]" started-at="2024-08-11T17:47:18 IST" name="site1" finished-at="2024-08-11T17:47:38 IST" duration-ms="19427" status="PASS">
          <reporter-output>
          </reporter-output>
        </test-method> <!-- site1 -->
        <test-method signature="site2()[pri:0, instance:FireFoxDesktop.Desktop2@1e800aaa]" started-at="2024-08-11T17:47:38 IST" name="site2" finished-at="2024-08-11T17:47:51 IST" duration-ms="13062" status="PASS">
          <reporter-output>
          </reporter-output>
        </test-method> <!-- site2 -->
        <test-method signature="site3()[pri:0, instance:FireFoxDesktop.Desktop2@1e800aaa]" started-at="2024-08-11T17:47:51 IST" name="site3" finished-at="2024-08-11T17:48:03 IST" duration-ms="12494" status="PASS">
          <reporter-output>
          </reporter-output>
        </test-method> <!-- site3 -->
        <test-method signature="site4()[pri:0, instance:FireFoxDesktop.Desktop2@1e800aaa]" started-at="2024-08-11T17:48:03 IST" name="site4" finished-at="2024-08-11T17:48:15 IST" duration-ms="11499" status="PASS">
          <reporter-output>
          </reporter-output>
        </test-method> <!-- site4 -->
        <test-method signature="site5()[pri:0, instance:FireFoxDesktop.Desktop2@1e800aaa]" started-at="2024-08-11T17:48:15 IST" name="site5" finished-at="2024-08-11T17:48:27 IST" duration-ms="12220" status="PASS">
          <reporter-output>
          </reporter-output>
        </test-method> <!-- site5 -->
      </class> <!-- FireFoxDesktop.Desktop2 -->
      <class name="FireFoxDesktop.Desktop3">
        <test-method signature="site1()[pri:0, instance:FireFoxDesktop.Desktop3@185a6e9]" started-at="2024-08-11T17:48:27 IST" name="site1" finished-at="2024-08-11T17:48:46 IST" duration-ms="19409" status="PASS">
          <reporter-output>
          </reporter-output>
        </test-method> <!-- site1 -->
        <test-method signature="site2()[pri:0, instance:FireFoxDesktop.Desktop3@185a6e9]" started-at="2024-08-11T17:48:46 IST" name="site2" finished-at="2024-08-11T17:49:00 IST" duration-ms="13837" status="PASS">
          <reporter-output>
          </reporter-output>
        </test-method> <!-- site2 -->
        <test-method signature="site3()[pri:0, instance:FireFoxDesktop.Desktop3@185a6e9]" started-at="2024-08-11T17:49:00 IST" name="site3" finished-at="2024-08-11T17:49:13 IST" duration-ms="13202" status="PASS">
          <reporter-output>
          </reporter-output>
        </test-method> <!-- site3 -->
        <test-method signature="site4()[pri:0, instance:FireFoxDesktop.Desktop3@185a6e9]" started-at="2024-08-11T17:49:13 IST" name="site4" finished-at="2024-08-11T17:49:26 IST" duration-ms="12265" status="PASS">
          <reporter-output>
          </reporter-output>
        </test-method> <!-- site4 -->
        <test-method signature="site5()[pri:0, instance:FireFoxDesktop.Desktop3@185a6e9]" started-at="2024-08-11T17:49:26 IST" name="site5" finished-at="2024-08-11T17:49:38 IST" duration-ms="12378" status="PASS">
          <reporter-output>
          </reporter-output>
        </test-method> <!-- site5 -->
      </class> <!-- FireFoxDesktop.Desktop3 -->
      <class name="ChromeMobile.Mobile2">
        <test-method signature="site1()[pri:0, instance:ChromeMobile.Mobile2@233795b6]" started-at="2024-08-11T17:44:41 IST" name="site1" finished-at="2024-08-11T17:44:52 IST" duration-ms="10641" status="PASS">
          <reporter-output>
          </reporter-output>
        </test-method> <!-- site1 -->
        <test-method signature="site2()[pri:0, instance:ChromeMobile.Mobile2@233795b6]" started-at="2024-08-11T17:44:52 IST" name="site2" finished-at="2024-08-11T17:44:58 IST" duration-ms="6540" status="PASS">
          <reporter-output>
          </reporter-output>
        </test-method> <!-- site2 -->
        <test-method signature="site3()[pri:0, instance:ChromeMobile.Mobile2@233795b6]" started-at="2024-08-11T17:44:58 IST" name="site3" finished-at="2024-08-11T17:45:09 IST" duration-ms="10411" status="PASS">
          <reporter-output>
          </reporter-output>
        </test-method> <!-- site3 -->
        <test-method signature="site4()[pri:0, instance:ChromeMobile.Mobile2@233795b6]" started-at="2024-08-11T17:45:09 IST" name="site4" finished-at="2024-08-11T17:45:16 IST" duration-ms="7670" status="PASS">
          <reporter-output>
          </reporter-output>
        </test-method> <!-- site4 -->
        <test-method signature="site5()[pri:0, instance:ChromeMobile.Mobile2@233795b6]" started-at="2024-08-11T17:45:16 IST" name="site5" finished-at="2024-08-11T17:45:23 IST" duration-ms="7182" status="PASS">
          <reporter-output>
          </reporter-output>
        </test-method> <!-- site5 -->
      </class> <!-- ChromeMobile.Mobile2 -->
      <class name="ChromeDesktop.Desktop3">
        <test-method signature="site1()[pri:0, instance:ChromeDesktop.Desktop3@77c2494c]" started-at="2024-08-11T17:43:08 IST" name="site1" finished-at="2024-08-11T17:43:23 IST" duration-ms="14124" status="PASS">
          <reporter-output>
          </reporter-output>
        </test-method> <!-- site1 -->
        <test-method signature="site2()[pri:0, instance:ChromeDesktop.Desktop3@77c2494c]" started-at="2024-08-11T17:43:23 IST" name="site2" finished-at="2024-08-11T17:43:33 IST" duration-ms="10102" status="PASS">
          <reporter-output>
          </reporter-output>
        </test-method> <!-- site2 -->
        <test-method signature="site3()[pri:0, instance:ChromeDesktop.Desktop3@77c2494c]" started-at="2024-08-11T17:43:33 IST" name="site3" finished-at="2024-08-11T17:43:44 IST" duration-ms="10831" status="PASS">
          <reporter-output>
          </reporter-output>
        </test-method> <!-- site3 -->
        <test-method signature="site4()[pri:0, instance:ChromeDesktop.Desktop3@77c2494c]" started-at="2024-08-11T17:43:44 IST" name="site4" finished-at="2024-08-11T17:43:54 IST" duration-ms="10166" status="PASS">
          <reporter-output>
          </reporter-output>
        </test-method> <!-- site4 -->
        <test-method signature="site5()[pri:0, instance:ChromeDesktop.Desktop3@77c2494c]" started-at="2024-08-11T17:43:54 IST" name="site5" finished-at="2024-08-11T17:44:03 IST" duration-ms="9489" status="PASS">
          <reporter-output>
          </reporter-output>
        </test-method> <!-- site5 -->
      </class> <!-- ChromeDesktop.Desktop3 -->
      <class name="FireFoxMobile.Mobile3">
        <test-method signature="site1()[pri:0, instance:FireFoxMobile.Mobile3@179ece50]" started-at="2024-08-11T17:51:24 IST" name="site1" finished-at="2024-08-11T17:51:38 IST" duration-ms="13391" status="PASS">
          <reporter-output>
          </reporter-output>
        </test-method> <!-- site1 -->
        <test-method signature="site2()[pri:0, instance:FireFoxMobile.Mobile3@179ece50]" started-at="2024-08-11T17:51:38 IST" name="site2" finished-at="2024-08-11T17:51:47 IST" duration-ms="9664" status="PASS">
          <reporter-output>
          </reporter-output>
        </test-method> <!-- site2 -->
        <test-method signature="site3()[pri:0, instance:FireFoxMobile.Mobile3@179ece50]" started-at="2024-08-11T17:51:47 IST" name="site3" finished-at="2024-08-11T17:51:57 IST" duration-ms="10017" status="PASS">
          <reporter-output>
          </reporter-output>
        </test-method> <!-- site3 -->
        <test-method signature="site4()[pri:0, instance:FireFoxMobile.Mobile3@179ece50]" started-at="2024-08-11T17:51:57 IST" name="site4" finished-at="2024-08-11T17:52:07 IST" duration-ms="9482" status="PASS">
          <reporter-output>
          </reporter-output>
        </test-method> <!-- site4 -->
        <test-method signature="site5()[pri:0, instance:FireFoxMobile.Mobile3@179ece50]" started-at="2024-08-11T17:52:07 IST" name="site5" finished-at="2024-08-11T17:52:17 IST" duration-ms="10307" status="PASS">
          <reporter-output>
          </reporter-output>
        </test-method> <!-- site5 -->
      </class> <!-- FireFoxMobile.Mobile3 -->
      <class name="ChromeMobile.Mobile3">
        <test-method signature="site1()[pri:0, instance:ChromeMobile.Mobile3@3eb738bb]" started-at="2024-08-11T17:45:23 IST" name="site1" finished-at="2024-08-11T17:45:32 IST" duration-ms="8424" status="PASS">
          <reporter-output>
          </reporter-output>
        </test-method> <!-- site1 -->
        <test-method signature="site2()[pri:0, instance:ChromeMobile.Mobile3@3eb738bb]" started-at="2024-08-11T17:45:32 IST" name="site2" finished-at="2024-08-11T17:45:39 IST" duration-ms="6671" status="PASS">
          <reporter-output>
          </reporter-output>
        </test-method> <!-- site2 -->
        <test-method signature="site3()[pri:0, instance:ChromeMobile.Mobile3@3eb738bb]" started-at="2024-08-11T17:45:39 IST" name="site3" finished-at="2024-08-11T17:45:46 IST" duration-ms="7705" status="PASS">
          <reporter-output>
          </reporter-output>
        </test-method> <!-- site3 -->
        <test-method signature="site4()[pri:0, instance:ChromeMobile.Mobile3@3eb738bb]" started-at="2024-08-11T17:45:46 IST" name="site4" finished-at="2024-08-11T17:45:54 IST" duration-ms="7747" status="PASS">
          <reporter-output>
          </reporter-output>
        </test-method> <!-- site4 -->
        <test-method signature="site5()[pri:0, instance:ChromeMobile.Mobile3@3eb738bb]" started-at="2024-08-11T17:45:54 IST" name="site5" finished-at="2024-08-11T17:46:01 IST" duration-ms="7235" status="PASS">
          <reporter-output>
          </reporter-output>
        </test-method> <!-- site5 -->
      </class> <!-- ChromeMobile.Mobile3 -->
      <class name="ChromeDesktop.Desktop2">
        <test-method signature="site1()[pri:0, instance:ChromeDesktop.Desktop2@477b4cdf]" started-at="2024-08-11T17:42:15 IST" name="site1" finished-at="2024-08-11T17:42:29 IST" duration-ms="14480" status="PASS">
          <reporter-output>
          </reporter-output>
        </test-method> <!-- site1 -->
        <test-method signature="site2()[pri:0, instance:ChromeDesktop.Desktop2@477b4cdf]" started-at="2024-08-11T17:42:29 IST" name="site2" finished-at="2024-08-11T17:42:40 IST" duration-ms="10524" status="PASS">
          <reporter-output>
          </reporter-output>
        </test-method> <!-- site2 -->
        <test-method signature="site3()[pri:0, instance:ChromeDesktop.Desktop2@477b4cdf]" started-at="2024-08-11T17:42:40 IST" name="site3" finished-at="2024-08-11T17:42:49 IST" duration-ms="9645" status="PASS">
          <reporter-output>
          </reporter-output>
        </test-method> <!-- site3 -->
        <test-method signature="site4()[pri:0, instance:ChromeDesktop.Desktop2@477b4cdf]" started-at="2024-08-11T17:42:49 IST" name="site4" finished-at="2024-08-11T17:42:59 IST" duration-ms="9988" status="PASS">
          <reporter-output>
          </reporter-output>
        </test-method> <!-- site4 -->
        <test-method signature="site5()[pri:0, instance:ChromeDesktop.Desktop2@477b4cdf]" started-at="2024-08-11T17:42:59 IST" name="site5" finished-at="2024-08-11T17:43:08 IST" duration-ms="9094" status="PASS">
          <reporter-output>
          </reporter-output>
        </test-method> <!-- site5 -->
      </class> <!-- ChromeDesktop.Desktop2 -->
      <class name="FireFoxMobile.Mobile2">
        <test-method signature="site1()[pri:0, instance:FireFoxMobile.Mobile2@9d5509a]" started-at="2024-08-11T17:50:30 IST" name="site1" finished-at="2024-08-11T17:50:44 IST" duration-ms="14233" status="PASS">
          <reporter-output>
          </reporter-output>
        </test-method> <!-- site1 -->
        <test-method signature="site2()[pri:0, instance:FireFoxMobile.Mobile2@9d5509a]" started-at="2024-08-11T17:50:44 IST" name="site2" finished-at="2024-08-11T17:50:54 IST" duration-ms="9627" status="PASS">
          <reporter-output>
          </reporter-output>
        </test-method> <!-- site2 -->
        <test-method signature="site3()[pri:0, instance:FireFoxMobile.Mobile2@9d5509a]" started-at="2024-08-11T17:50:54 IST" name="site3" finished-at="2024-08-11T17:51:04 IST" duration-ms="10106" status="PASS">
          <reporter-output>
          </reporter-output>
        </test-method> <!-- site3 -->
        <test-method signature="site4()[pri:0, instance:FireFoxMobile.Mobile2@9d5509a]" started-at="2024-08-11T17:51:04 IST" name="site4" finished-at="2024-08-11T17:51:14 IST" duration-ms="10156" status="PASS">
          <reporter-output>
          </reporter-output>
        </test-method> <!-- site4 -->
        <test-method signature="site5()[pri:0, instance:FireFoxMobile.Mobile2@9d5509a]" started-at="2024-08-11T17:51:14 IST" name="site5" finished-at="2024-08-11T17:51:24 IST" duration-ms="10063" status="PASS">
          <reporter-output>
          </reporter-output>
        </test-method> <!-- site5 -->
      </class> <!-- FireFoxMobile.Mobile2 -->
      <class name="ChromeDesktop.Desktop1">
        <test-method signature="site1()[pri:0, instance:ChromeDesktop.Desktop1@217ed35e]" started-at="2024-08-11T17:41:10 IST" name="site1" finished-at="2024-08-11T17:41:31 IST" duration-ms="21591" status="PASS">
          <reporter-output>
          </reporter-output>
        </test-method> <!-- site1 -->
        <test-method signature="site2()[pri:0, instance:ChromeDesktop.Desktop1@217ed35e]" started-at="2024-08-11T17:41:31 IST" name="site2" finished-at="2024-08-11T17:41:43 IST" duration-ms="12272" status="PASS">
          <reporter-output>
          </reporter-output>
        </test-method> <!-- site2 -->
        <test-method signature="site3()[pri:0, instance:ChromeDesktop.Desktop1@217ed35e]" started-at="2024-08-11T17:41:43 IST" name="site3" finished-at="2024-08-11T17:41:54 IST" duration-ms="10959" status="PASS">
          <reporter-output>
          </reporter-output>
        </test-method> <!-- site3 -->
        <test-method signature="site4()[pri:0, instance:ChromeDesktop.Desktop1@217ed35e]" started-at="2024-08-11T17:41:54 IST" name="site4" finished-at="2024-08-11T17:42:05 IST" duration-ms="10764" status="PASS">
          <reporter-output>
          </reporter-output>
        </test-method> <!-- site4 -->
        <test-method signature="site5()[pri:0, instance:ChromeDesktop.Desktop1@217ed35e]" started-at="2024-08-11T17:42:05 IST" name="site5" finished-at="2024-08-11T17:42:15 IST" duration-ms="9503" status="PASS">
          <reporter-output>
          </reporter-output>
        </test-method> <!-- site5 -->
      </class> <!-- ChromeDesktop.Desktop1 -->
      <class name="FireFoxMobile.Mobile1">
        <test-method signature="site1()[pri:0, instance:FireFoxMobile.Mobile1@6f03482]" started-at="2024-08-11T17:49:38 IST" name="site1" finished-at="2024-08-11T17:49:51 IST" duration-ms="12999" status="PASS">
          <reporter-output>
          </reporter-output>
        </test-method> <!-- site1 -->
        <test-method signature="site2()[pri:0, instance:FireFoxMobile.Mobile1@6f03482]" started-at="2024-08-11T17:49:51 IST" name="site2" finished-at="2024-08-11T17:50:01 IST" duration-ms="9485" status="PASS">
          <reporter-output>
          </reporter-output>
        </test-method> <!-- site2 -->
        <test-method signature="site3()[pri:0, instance:FireFoxMobile.Mobile1@6f03482]" started-at="2024-08-11T17:50:01 IST" name="site3" finished-at="2024-08-11T17:50:11 IST" duration-ms="10355" status="PASS">
          <reporter-output>
          </reporter-output>
        </test-method> <!-- site3 -->
        <test-method signature="site4()[pri:0, instance:FireFoxMobile.Mobile1@6f03482]" started-at="2024-08-11T17:50:11 IST" name="site4" finished-at="2024-08-11T17:50:20 IST" duration-ms="9433" status="PASS">
          <reporter-output>
          </reporter-output>
        </test-method> <!-- site4 -->
        <test-method signature="site5()[pri:0, instance:FireFoxMobile.Mobile1@6f03482]" started-at="2024-08-11T17:50:20 IST" name="site5" finished-at="2024-08-11T17:50:30 IST" duration-ms="9658" status="PASS">
          <reporter-output>
          </reporter-output>
        </test-method> <!-- site5 -->
      </class> <!-- FireFoxMobile.Mobile1 -->
      <class name="ChromeMobile.Mobile1">
        <test-method signature="site1()[pri:0, instance:ChromeMobile.Mobile1@f5958c9]" started-at="2024-08-11T17:44:03 IST" name="site1" finished-at="2024-08-11T17:44:12 IST" duration-ms="8862" status="PASS">
          <reporter-output>
          </reporter-output>
        </test-method> <!-- site1 -->
        <test-method signature="site2()[pri:0, instance:ChromeMobile.Mobile1@f5958c9]" started-at="2024-08-11T17:44:12 IST" name="site2" finished-at="2024-08-11T17:44:19 IST" duration-ms="6645" status="PASS">
          <reporter-output>
          </reporter-output>
        </test-method> <!-- site2 -->
        <test-method signature="site3()[pri:0, instance:ChromeMobile.Mobile1@f5958c9]" started-at="2024-08-11T17:44:19 IST" name="site3" finished-at="2024-08-11T17:44:26 IST" duration-ms="7071" status="PASS">
          <reporter-output>
          </reporter-output>
        </test-method> <!-- site3 -->
        <test-method signature="site4()[pri:0, instance:ChromeMobile.Mobile1@f5958c9]" started-at="2024-08-11T17:44:26 IST" name="site4" finished-at="2024-08-11T17:44:33 IST" duration-ms="7428" status="PASS">
          <reporter-output>
          </reporter-output>
        </test-method> <!-- site4 -->
        <test-method signature="site5()[pri:0, instance:ChromeMobile.Mobile1@f5958c9]" started-at="2024-08-11T17:44:33 IST" name="site5" finished-at="2024-08-11T17:44:41 IST" duration-ms="7859" status="PASS">
          <reporter-output>
          </reporter-output>
        </test-method> <!-- site5 -->
      </class> <!-- ChromeMobile.Mobile1 -->
    </test> <!-- Test -->
  </suite> <!-- Suite -->
</testng-results>
